0 info it worked if it ends with ok
1 verbose cli [ 'C:\\Program Files\\nodejs\\node.exe',
1 verbose cli   'C:\\Program Files\\nodejs\\node_modules\\npm\\bin\\npm-cli.js',
1 verbose cli   'start' ]
2 info using npm@3.10.10
3 info using node@v7.2.1
4 verbose run-script [ 'prestart', 'start', 'poststart' ]
5 info lifecycle inventario-mysql@0.0.1~prestart: inventario-mysql@0.0.1
6 silly lifecycle inventario-mysql@0.0.1~prestart: no script for prestart, continuing
7 info lifecycle inventario-mysql@0.0.1~start: inventario-mysql@0.0.1
8 verbose lifecycle inventario-mysql@0.0.1~start: unsafe-perm in lifecycle true
9 verbose lifecycle inventario-mysql@0.0.1~start: PATH: C:\Program Files\nodejs\node_modules\npm\bin\node-gyp-bin;C:\Users\Raul Perez\Documents\GitHub\Inventario-sql\node_modules\.bin;C:\Python\Scripts\;C:\Python\;C:\ProgramData\Oracle\Java\javapath;C:\WINDOWS\system32;C:\WINDOWS;C:\WINDOWS\System32\Wbem;C:\WINDOWS\System32\WindowsPowerShell\v1.0\;C:\Program Files (x86)\GnuWin32\bin;C:\MinGW\bin;C:\MinGW\mingw32\bin;C:\Program Files\nodejs\;C:\Program Files\MongoDB\Server\3.4\bin;C:\Go\bin;"C:\Users\Raul Perez\Downloads\minishift";C:\Program Files\Git\cmd;C:\Program Files (x86)\GtkSharp\2.12\bin;C:\Ruby23-x64\bin;C:\Users\Raul Perez\AppData\Local\Microsoft\WindowsApps;C:\Users\Raul Perez\AppData\Roaming\npm;C:\Program Files\Heroku\bin;
10 verbose lifecycle inventario-mysql@0.0.1~start: CWD: C:\Users\Raul Perez\Documents\GitHub\Inventario-sql
11 silly lifecycle inventario-mysql@0.0.1~start: Args: [ '/d /s /c', 'nodemon server.js' ]
12 verbose stack Error: kill ENOSYS
12 verbose stack     at exports._errnoException (util.js:1022:11)
12 verbose stack     at process.kill (internal/process.js:173:13)
12 verbose stack     at process.listener (C:\Program Files\nodejs\node_modules\npm\node_modules\npmlog\node_modules\gauge\node_modules\signal-exit\index.js:86:15)
12 verbose stack     at emitNone (events.js:91:20)
12 verbose stack     at process.emit (events.js:185:7)
12 verbose stack     at processEmit (C:\Program Files\nodejs\node_modules\npm\node_modules\npmlog\node_modules\gauge\node_modules\signal-exit\index.js:146:32)
12 verbose stack     at processEmit (C:\Program Files\nodejs\node_modules\npm\node_modules\npm-registry-client\node_modules\npmlog\node_modules\gauge\node_modules\signal-exit\index.js:146:32)
12 verbose stack     at Signal.wrap.onsignal (internal/process.js:200:44)
13 verbose cwd C:\Users\Raul Perez\Documents\GitHub\Inventario-sql
14 error Windows_NT 10.0.15063
15 error argv "C:\\Program Files\\nodejs\\node.exe" "C:\\Program Files\\nodejs\\node_modules\\npm\\bin\\npm-cli.js" "start"
16 error node v7.2.1
17 error npm  v3.10.10
18 error code ENOSYS
19 error errno ENOSYS
20 error syscall kill
21 error kill ENOSYS
22 error If you need help, you may report this error at:
22 error     <https://github.com/npm/npm/issues>
23 verbose exit [ 1, true ]
